<?xml version="1.0" encoding="UTF-8"?>
<!-- Generated by org.testng.reporters.JUnitReportReporter -->
<testsuite hostname="DESKTOP-JOKB8D4" failures="0" tests="1" name="test.FacebookTest" time="0.004" errors="0" timestamp="2022-02-09T02:28:53 GMT-05:00" skipped="0">
  <testcase classname="test.FacebookTest" name="test1" time="0.004"/>
  <system-out/>
</testsuite> <!-- test.FacebookTest -->
